
bubble.o:	file format elf64-bpf

Disassembly of section .text:

0000000000000000 <bubble_sort>:
       0:	7b 1a f8 ff 00 00 00 00	*(u64 *)(r10 - 0x8) = r1
       1:	63 2a f4 ff 00 00 00 00	*(u32 *)(r10 - 0xc) = r2
       2:	b7 01 00 00 00 00 00 00	r1 = 0x0
       3:	63 1a f0 ff 00 00 00 00	*(u32 *)(r10 - 0x10) = r1
       4:	05 00 00 00 00 00 00 00	goto +0x0 <LBB0_1>

0000000000000028 <LBB0_1>:
       5:	61 a1 f0 ff 00 00 00 00	r1 = *(u32 *)(r10 - 0x10)
       6:	67 01 00 00 20 00 00 00	r1 <<= 0x20
       7:	c7 01 00 00 20 00 00 00	r1 s>>= 0x20
       8:	61 a2 f4 ff 00 00 00 00	r2 = *(u32 *)(r10 - 0xc)
       9:	67 02 00 00 20 00 00 00	r2 <<= 0x20
      10:	18 03 00 00 00 00 00 00 00 00 00 00 ff ff ff ff	r3 = -0x100000000 ll
      12:	0f 32 00 00 00 00 00 00	r2 += r3
      13:	c7 02 00 00 20 00 00 00	r2 s>>= 0x20
      14:	7d 21 40 00 00 00 00 00	if r1 s>= r2 goto +0x40 <LBB0_10>
      15:	05 00 00 00 00 00 00 00	goto +0x0 <LBB0_2>

0000000000000080 <LBB0_2>:
      16:	b7 01 00 00 00 00 00 00	r1 = 0x0
      17:	63 1a ec ff 00 00 00 00	*(u32 *)(r10 - 0x14) = r1
      18:	05 00 00 00 00 00 00 00	goto +0x0 <LBB0_3>

0000000000000098 <LBB0_3>:
      19:	61 a1 ec ff 00 00 00 00	r1 = *(u32 *)(r10 - 0x14)
      20:	67 01 00 00 20 00 00 00	r1 <<= 0x20
      21:	c7 01 00 00 20 00 00 00	r1 s>>= 0x20
      22:	61 a3 f4 ff 00 00 00 00	r3 = *(u32 *)(r10 - 0xc)
      23:	61 a2 f0 ff 00 00 00 00	r2 = *(u32 *)(r10 - 0x10)
      24:	a7 02 00 00 ff ff ff ff	r2 ^= -0x1
      25:	0f 32 00 00 00 00 00 00	r2 += r3
      26:	67 02 00 00 20 00 00 00	r2 <<= 0x20
      27:	c7 02 00 00 20 00 00 00	r2 s>>= 0x20
      28:	7d 21 2d 00 00 00 00 00	if r1 s>= r2 goto +0x2d <LBB0_8>
      29:	05 00 00 00 00 00 00 00	goto +0x0 <LBB0_4>

00000000000000f0 <LBB0_4>:
      30:	79 a1 f8 ff 00 00 00 00	r1 = *(u64 *)(r10 - 0x8)
      31:	61 a2 ec ff 00 00 00 00	r2 = *(u32 *)(r10 - 0x14)
      32:	67 02 00 00 20 00 00 00	r2 <<= 0x20
      33:	c7 02 00 00 20 00 00 00	r2 s>>= 0x20
      34:	67 02 00 00 02 00 00 00	r2 <<= 0x2
      35:	0f 21 00 00 00 00 00 00	r1 += r2
      36:	61 12 00 00 00 00 00 00	r2 = *(u32 *)(r1 + 0x0)
      37:	67 02 00 00 20 00 00 00	r2 <<= 0x20
      38:	c7 02 00 00 20 00 00 00	r2 s>>= 0x20
      39:	61 11 04 00 00 00 00 00	r1 = *(u32 *)(r1 + 0x4)
      40:	67 01 00 00 20 00 00 00	r1 <<= 0x20
      41:	c7 01 00 00 20 00 00 00	r1 s>>= 0x20
      42:	7d 21 1a 00 00 00 00 00	if r1 s>= r2 goto +0x1a <LBB0_6>
      43:	05 00 00 00 00 00 00 00	goto +0x0 <LBB0_5>

0000000000000160 <LBB0_5>:
      44:	79 a1 f8 ff 00 00 00 00	r1 = *(u64 *)(r10 - 0x8)
      45:	61 a2 ec ff 00 00 00 00	r2 = *(u32 *)(r10 - 0x14)
      46:	67 02 00 00 20 00 00 00	r2 <<= 0x20
      47:	c7 02 00 00 20 00 00 00	r2 s>>= 0x20
      48:	67 02 00 00 02 00 00 00	r2 <<= 0x2
      49:	0f 21 00 00 00 00 00 00	r1 += r2
      50:	61 11 00 00 00 00 00 00	r1 = *(u32 *)(r1 + 0x0)
      51:	63 1a e8 ff 00 00 00 00	*(u32 *)(r10 - 0x18) = r1
      52:	79 a2 f8 ff 00 00 00 00	r2 = *(u64 *)(r10 - 0x8)
      53:	61 a1 ec ff 00 00 00 00	r1 = *(u32 *)(r10 - 0x14)
      54:	67 01 00 00 20 00 00 00	r1 <<= 0x20
      55:	c7 01 00 00 20 00 00 00	r1 s>>= 0x20
      56:	67 01 00 00 02 00 00 00	r1 <<= 0x2
      57:	0f 12 00 00 00 00 00 00	r2 += r1
      58:	61 21 04 00 00 00 00 00	r1 = *(u32 *)(r2 + 0x4)
      59:	63 12 00 00 00 00 00 00	*(u32 *)(r2 + 0x0) = r1
      60:	61 a1 e8 ff 00 00 00 00	r1 = *(u32 *)(r10 - 0x18)
      61:	79 a3 f8 ff 00 00 00 00	r3 = *(u64 *)(r10 - 0x8)
      62:	61 a2 ec ff 00 00 00 00	r2 = *(u32 *)(r10 - 0x14)
      63:	67 02 00 00 20 00 00 00	r2 <<= 0x20
      64:	c7 02 00 00 20 00 00 00	r2 s>>= 0x20
      65:	67 02 00 00 02 00 00 00	r2 <<= 0x2
      66:	0f 32 00 00 00 00 00 00	r2 += r3
      67:	63 12 04 00 00 00 00 00	*(u32 *)(r2 + 0x4) = r1
      68:	05 00 00 00 00 00 00 00	goto +0x0 <LBB0_6>

0000000000000228 <LBB0_6>:
      69:	05 00 00 00 00 00 00 00	goto +0x0 <LBB0_7>

0000000000000230 <LBB0_7>:
      70:	61 a1 ec ff 00 00 00 00	r1 = *(u32 *)(r10 - 0x14)
      71:	07 01 00 00 01 00 00 00	r1 += 0x1
      72:	63 1a ec ff 00 00 00 00	*(u32 *)(r10 - 0x14) = r1
      73:	05 00 c9 ff 00 00 00 00	goto -0x37 <LBB0_3>

0000000000000250 <LBB0_8>:
      74:	05 00 00 00 00 00 00 00	goto +0x0 <LBB0_9>

0000000000000258 <LBB0_9>:
      75:	61 a1 f0 ff 00 00 00 00	r1 = *(u32 *)(r10 - 0x10)
      76:	07 01 00 00 01 00 00 00	r1 += 0x1
      77:	63 1a f0 ff 00 00 00 00	*(u32 *)(r10 - 0x10) = r1
      78:	05 00 b6 ff 00 00 00 00	goto -0x4a <LBB0_1>

0000000000000278 <LBB0_10>:
      79:	95 00 00 00 00 00 00 00	exit

0000000000000280 <is_sorted>:
      80:	7b 1a f0 ff 00 00 00 00	*(u64 *)(r10 - 0x10) = r1
      81:	63 2a ec ff 00 00 00 00	*(u32 *)(r10 - 0x14) = r2
      82:	b7 01 00 00 00 00 00 00	r1 = 0x0
      83:	63 1a e8 ff 00 00 00 00	*(u32 *)(r10 - 0x18) = r1
      84:	05 00 00 00 00 00 00 00	goto +0x0 <LBB1_1>

00000000000002a8 <LBB1_1>:
      85:	61 a1 e8 ff 00 00 00 00	r1 = *(u32 *)(r10 - 0x18)
      86:	67 01 00 00 20 00 00 00	r1 <<= 0x20
      87:	c7 01 00 00 20 00 00 00	r1 s>>= 0x20
      88:	61 a2 ec ff 00 00 00 00	r2 = *(u32 *)(r10 - 0x14)
      89:	67 02 00 00 20 00 00 00	r2 <<= 0x20
      90:	18 03 00 00 00 00 00 00 00 00 00 00 ff ff ff ff	r3 = -0x100000000 ll
      92:	0f 32 00 00 00 00 00 00	r2 += r3
      93:	c7 02 00 00 20 00 00 00	r2 s>>= 0x20
      94:	7d 21 17 00 00 00 00 00	if r1 s>= r2 goto +0x17 <LBB1_6>
      95:	05 00 00 00 00 00 00 00	goto +0x0 <LBB1_2>

0000000000000300 <LBB1_2>:
      96:	79 a1 f0 ff 00 00 00 00	r1 = *(u64 *)(r10 - 0x10)
      97:	61 a2 e8 ff 00 00 00 00	r2 = *(u32 *)(r10 - 0x18)
      98:	67 02 00 00 20 00 00 00	r2 <<= 0x20
      99:	c7 02 00 00 20 00 00 00	r2 s>>= 0x20
     100:	67 02 00 00 02 00 00 00	r2 <<= 0x2
     101:	0f 21 00 00 00 00 00 00	r1 += r2
     102:	61 12 00 00 00 00 00 00	r2 = *(u32 *)(r1 + 0x0)
     103:	67 02 00 00 20 00 00 00	r2 <<= 0x20
     104:	c7 02 00 00 20 00 00 00	r2 s>>= 0x20
     105:	61 11 04 00 00 00 00 00	r1 = *(u32 *)(r1 + 0x4)
     106:	67 01 00 00 20 00 00 00	r1 <<= 0x20
     107:	c7 01 00 00 20 00 00 00	r1 s>>= 0x20
     108:	7d 21 04 00 00 00 00 00	if r1 s>= r2 goto +0x4 <LBB1_4>
     109:	05 00 00 00 00 00 00 00	goto +0x0 <LBB1_3>

0000000000000370 <LBB1_3>:
     110:	b7 01 00 00 00 00 00 00	r1 = 0x0
     111:	73 1a ff ff 00 00 00 00	*(u8 *)(r10 - 0x1) = r1
     112:	05 00 08 00 00 00 00 00	goto +0x8 <LBB1_7>

0000000000000388 <LBB1_4>:
     113:	05 00 00 00 00 00 00 00	goto +0x0 <LBB1_5>

0000000000000390 <LBB1_5>:
     114:	61 a1 e8 ff 00 00 00 00	r1 = *(u32 *)(r10 - 0x18)
     115:	07 01 00 00 01 00 00 00	r1 += 0x1
     116:	63 1a e8 ff 00 00 00 00	*(u32 *)(r10 - 0x18) = r1
     117:	05 00 df ff 00 00 00 00	goto -0x21 <LBB1_1>

00000000000003b0 <LBB1_6>:
     118:	b7 01 00 00 01 00 00 00	r1 = 0x1
     119:	73 1a ff ff 00 00 00 00	*(u8 *)(r10 - 0x1) = r1
     120:	05 00 00 00 00 00 00 00	goto +0x0 <LBB1_7>

00000000000003c8 <LBB1_7>:
     121:	71 a0 ff ff 00 00 00 00	r0 = *(u8 *)(r10 - 0x1)
     122:	95 00 00 00 00 00 00 00	exit
